# JRE version: Java(TM) SE Runtime Environment (8.0_11-b12) (build 1.8.0_11-b12)
# Java VM: Java HotSpot(TM) 64-Bit Server VM (25.11-b03 mixed mode windows-amd64 compressed oops)
Heap:
 PSYoungGen      total 252416K, used 38613K [0x00000000eab00000, 0x00000000fe180000, 0x0000000100000000)
  eden space 192000K, 7% used [0x00000000eab00000,0x00000000eb8b9870,0x00000000f6680000)
  from space 60416K, 40% used [0x00000000fa680000,0x00000000fbe7bd68,0x00000000fe180000)
  to   space 62976K, 0% used [0x00000000f6680000,0x00000000f6680000,0x00000000fa400000)
 ParOldGen       total 252416K, used 72957K [0x00000000c0000000, 0x00000000cf680000, 0x00000000eab00000)
  object space 252416K, 28% used [0x00000000c0000000,0x00000000c473f770,0x00000000cf680000)
 Metaspace       used 92477K, capacity 96413K, committed 174464K, reserved 1191936K
  class space    used 12592K, capacity 13940K, committed 32384K, reserved 1048576K
GC Heap History (10 events):
Event: 10225.771 GC heap before
{Heap before GC invocations=98 (full 21):
 PSYoungGen      total 253440K, used 29719K [0x00000000eab00000, 0x00000000fec00000, 0x0000000100000000)
  eden space 181248K, 3% used [0x00000000eab00000,0x00000000eb0852c0,0x00000000f5c00000)
  from space 72192K, 33% used [0x00000000fa580000,0x00000000fbd00a00,0x00000000fec00000)
  to   space 73728K, 0% used [0x00000000f5c00000,0x00000000f5c00000,0x00000000fa400000)
 ParOldGen       total 252416K, used 168775K [0x00000000c0000000, 0x00000000cf680000, 0x00000000eab00000)
  object space 252416K, 66% used [0x00000000c0000000,0x00000000ca4d1cc8,0x00000000cf680000)
 Metaspace       used 94808K, capacity 100239K, committed 186752K, reserved 1204224K
  class space    used 13080K, capacity 14858K, committed 32384K, reserved 1048576K
Event: 10225.787 GC heap after
Heap after GC invocations=98 (full 21):
 PSYoungGen      total 199168K, used 17783K [0x00000000eab00000, 0x00000000fe800000, 0x0000000100000000)
  eden space 181248K, 0% used [0x00000000eab00000,0x00000000eab00000,0x00000000f5c00000)
  from space 17920K, 99% used [0x00000000f5c00000,0x00000000f6d5dc80,0x00000000f6d80000)
  to   space 71680K, 0% used [0x00000000fa200000,0x00000000fa200000,0x00000000fe800000)
 ParOldGen       total 252416K, used 168783K [0x00000000c0000000, 0x00000000cf680000, 0x00000000eab00000)
  object space 252416K, 66% used [0x00000000c0000000,0x00000000ca4d3cc8,0x00000000cf680000)
 Metaspace       used 94808K, capacity 100239K, committed 186752K, reserved 1204224K
  class space    used 13080K, capacity 14858K, committed 32384K, reserved 1048576K
}
Event: 10225.787 GC heap before
{Heap before GC invocations=99 (full 22):
 PSYoungGen      total 199168K, used 17783K [0x00000000eab00000, 0x00000000fe800000, 0x0000000100000000)
  eden space 181248K, 0% used [0x00000000eab00000,0x00000000eab00000,0x00000000f5c00000)
  from space 17920K, 99% used [0x00000000f5c00000,0x00000000f6d5dc80,0x00000000f6d80000)
  to   space 71680K, 0% used [0x00000000fa200000,0x00000000fa200000,0x00000000fe800000)
 ParOldGen       total 252416K, used 168783K [0x00000000c0000000, 0x00000000cf680000, 0x00000000eab00000)
  object space 252416K, 66% used [0x00000000c0000000,0x00000000ca4d3cc8,0x00000000cf680000)
 Metaspace       used 94808K, capacity 100239K, committed 186752K, reserved 1204224K
  class space    used 13080K, capacity 14858K, committed 32384K, reserved 1048576K
Event: 10226.249 GC heap after
Heap after GC invocations=99 (full 22):
 PSYoungGen      total 199168K, used 0K [0x00000000eab00000, 0x00000000fe800000, 0x0000000100000000)
  eden space 181248K, 0% used [0x00000000eab00000,0x00000000eab00000,0x00000000f5c00000)
  from space 17920K, 0% used [0x00000000f5c00000,0x00000000f5c00000,0x00000000f6d80000)
  to   space 71680K, 0% used [0x00000000fa200000,0x00000000fa200000,0x00000000fe800000)
 ParOldGen       total 252416K, used 72957K [0x00000000c0000000, 0x00000000cf680000, 0x00000000eab00000)
  object space 252416K, 28% used [0x00000000c0000000,0x00000000c473f770,0x00000000cf680000)
 Metaspace       used 77352K, capacity 79859K, committed 174464K, reserved 1191936K
  class space    used 10357K, capacity 11125K, committed 32384K, reserved 1048576K
}
Event: 10228.396 GC heap before
{Heap before GC invocations=100 (full 22):
 PSYoungGen      total 199168K, used 181248K [0x00000000eab00000, 0x00000000fe800000, 0x0000000100000000)
  eden space 181248K, 100% used [0x00000000eab00000,0x00000000f5c00000,0x00000000f5c00000)
  from space 17920K, 0% used [0x00000000f5c00000,0x00000000f5c00000,0x00000000f6d80000)
  to   space 71680K, 0% used [0x00000000fa200000,0x00000000fa200000,0x00000000fe800000)
 ParOldGen       total 252416K, used 72957K [0x00000000c0000000, 0x00000000cf680000, 0x00000000eab00000)
  object space 252416K, 28% used [0x00000000c0000000,0x00000000c473f770,0x00000000cf680000)
 Metaspace       used 84174K, capacity 87255K, committed 174464K, reserved 1191936K
  class space    used 11355K, capacity 12341K, committed 32384K, reserved 1048576K
Event: 10228.424 GC heap after
Heap after GC invocations=100 (full 22):
 PSYoungGen      total 256000K, used 22300K [0x00000000eab00000, 0x00000000fea00000, 0x0000000100000000)
  eden space 184320K, 0% used [0x00000000eab00000,0x00000000eab00000,0x00000000f5f00000)
  from space 71680K, 31% used [0x00000000fa200000,0x00000000fb7c73d8,0x00000000fe800000)
  to   space 68608K, 0% used [0x00000000f5f00000,0x00000000f5f00000,0x00000000fa200000)
 ParOldGen       total 252416K, used 72957K [0x00000000c0000000, 0x00000000cf680000, 0x00000000eab00000)
  object space 252416K, 28% used [0x00000000c0000000,0x00000000c473f770,0x00000000cf680000)
 Metaspace       used 84174K, capacity 87255K, committed 174464K, reserved 1191936K
  class space    used 11355K, capacity 12341K, committed 32384K, reserved 1048576K
}
Event: 11233.018 GC heap before
{Heap before GC invocations=101 (full 22):
 PSYoungGen      total 256000K, used 206620K [0x00000000eab00000, 0x00000000fea00000, 0x0000000100000000)
  eden space 184320K, 100% used [0x00000000eab00000,0x00000000f5f00000,0x00000000f5f00000)
  from space 71680K, 31% used [0x00000000fa200000,0x00000000fb7c73d8,0x00000000fe800000)
  to   space 68608K, 0% used [0x00000000f5f00000,0x00000000f5f00000,0x00000000fa200000)
 ParOldGen       total 252416K, used 72957K [0x00000000c0000000, 0x00000000cf680000, 0x00000000eab00000)
  object space 252416K, 28% used [0x00000000c0000000,0x00000000c473f770,0x00000000cf680000)
 Metaspace       used 85280K, capacity 88549K, committed 174464K, reserved 1191936K
  class space    used 11530K, capacity 12610K, committed 32384K, reserved 1048576K
Event: 11233.044 GC heap after
Heap after GC invocations=101 (full 22):
 PSYoungGen      total 252928K, used 20434K [0x00000000eab00000, 0x00000000fe780000, 0x0000000100000000)
  eden space 184320K, 0% used [0x00000000eab00000,0x00000000eab00000,0x00000000f5f00000)
  from space 68608K, 29% used [0x00000000f5f00000,0x00000000f72f4918,0x00000000fa200000)
  to   space 66560K, 0% used [0x00000000fa680000,0x00000000fa680000,0x00000000fe780000)
 ParOldGen       total 252416K, used 72957K [0x00000000c0000000, 0x00000000cf680000, 0x00000000eab00000)
  object space 252416K, 28% used [0x00000000c0000000,0x00000000c473f770,0x00000000cf680000)
 Metaspace       used 85280K, capacity 88549K, committed 174464K, reserved 1191936K
  class space    used 11530K, capacity 12610K, committed 32384K, reserved 1048576K
}
Event: 11234.148 GC heap before
{Heap before GC invocations=102 (full 22):
 PSYoungGen      total 252928K, used 204754K [0x00000000eab00000, 0x00000000fe780000, 0x0000000100000000)
  eden space 184320K, 100% used [0x00000000eab00000,0x00000000f5f00000,0x00000000f5f00000)
  from space 68608K, 29% used [0x00000000f5f00000,0x00000000f72f4918,0x00000000fa200000)
  to   space 66560K, 0% used [0x00000000fa680000,0x00000000fa680000,0x00000000fe780000)
 ParOldGen       total 252416K, used 72957K [0x00000000c0000000, 0x00000000cf680000, 0x00000000eab00000)
  object space 252416K, 28% used [0x00000000c0000000,0x00000000c473f770,0x00000000cf680000)
 Metaspace       used 91493K, capacity 95385K, committed 174464K, reserved 1191936K
  class space    used 12436K, capacity 13773K, committed 32384K, reserved 1048576K
Event: 11234.171 GC heap after
Heap after GC invocations=102 (full 22):
 PSYoungGen      total 252416K, used 24559K [0x00000000eab00000, 0x00000000fe180000, 0x0000000100000000)
  eden space 192000K, 0% used [0x00000000eab00000,0x00000000eab00000,0x00000000f6680000)
  from space 60416K, 40% used [0x00000000fa680000,0x00000000fbe7bd68,0x00000000fe180000)
  to   space 62976K, 0% used [0x00000000f6680000,0x00000000f6680000,0x00000000fa400000)
 ParOldGen       total 252416K, used 72957K [0x00000000c0000000, 0x00000000cf680000, 0x00000000eab00000)
  object space 252416K, 28% used [0x00000000c0000000,0x00000000c473f770,0x00000000cf680000)
 Metaspace       used 91493K, capacity 95385K, committed 174464K, reserved 1191936K
  class space    used 12436K, capacity 13773K, committed 32384K, reserved 1048576K
}

